(&,1)
(A,56)
(I,890)
(O,148)
(V,1)
(a,393)
(c,1)
(d,153)
(e,3)
(i,9)
(m,1)
(n,8)
(o,15)
(s,224)
(t,86)
(|,2)
(Ah,1)
(Am,3)
(An,11)
(As,55)
(At,7)
(Ay,27)
(Be,14)
(By,25)
(Do,31)
(Go,9)
(Ha,9)
(He,60)
(Ho,1)
(II,6)
(IV,2)
(If,68)
(In,31)
(Is,38)
(It,53)
(Lo,1)
(My,59)
(Ne,1)
(No,28)
(OF,26)
(Of,27)
(Oh,3)
(On,6)
(Or,29)
(Re,15)
(So,27)
(To,119)
(We,14)
(Ye,1)
(am,90)
(an,44)
(as,116)
(at,63)
(ay,8)
(be,212)
(by,85)
(do,190)
(en,4)
(er,21)
(go,54)
(ha,8)
(he,187)
(ho,25)
(if,72)
(in,308)
(is,271)
(it,265)
(ld,6)
(ll,76)
(lo,1)
(me,281)
(my,368)
(ne,9)
(no,75)
(of,419)
(on,114)
(or,58)
(re,5)
(rt,2)
(se,1)
(so,135)
(st,20)
(ta,4)
(to,502)
(up,30)
(us,34)
(we,39)
(wi,2)
(ye,1)
(ACT,5)
(All,12)
(And,199)
(Any,1)
(Are,15)
(Ate,1)
(Bid,1)
(But,89)
(Can,5)
(Cry,2)
(Did,9)
(Due,2)
(Ere,1)
(Fie,3)
(Foh,1)
(For,66)
(Get,5)
(God,10)
(Had,5)
(Has,1)
(Her,8)
(His,5)
(Hot,1)
(How,53)
(Hum,1)
(III,5)
(Las,1)
(Lay,6)
(Let,33)
(Lie,3)
(Man,1)
(May,10)
(Men,3)
(Nay,21)
(Nor,15)
(Not,19)
(Now,20)
(Off,1)
(One,6)
(Our,5)
(Out,7)
(Ply,1)
(Put,3)
(Rot,1)
(Rub,1)
(Run,1)
(Say,2)
(Sea,1)
(See,3)
(Set,2)
(She,44)
(Sir,10)
(The,87)
(Thy,5)
(Tis,38)
(Too,1)
(Two,2)
(Was,4)
(Who,18)
(Why,49)
(Woo,1)
(Yea,1)
(Yes,6)
(Yet,17)
(You,41)
([To,4)
(act,11)
(add,1)
(age,1)
(ago,1)
(aim,2)
(air,4)
(all,85)
(and,594)
(any,30)
(apt,4)
(are,94)
(arm,3)
(art,21)
(ask,7)
(ass,2)
(bad,5)
(bag,1)
(bay,2)
(bed,23)
(beg,1)
(bid,7)
(big,1)
(but,133)
(can,27)
(cap,1)
(cod,1)
(cry,15)
(cue,1)
(cup,4)
(cut,2)
(dam,1)
(day,9)
(dew,1)
(did,61)
(die,14)
(dog,7)
(due,3)
(ear,7)
(eat,2)
(ebb,2)
(end,3)
(ere,3)
(err,2)
(ewe,1)
(eye,11)
(fan,1)
(far,3)
(fed,1)
(fie,4)
(fig,2)
(fit,9)
(fix,1)
(fly,2)
(foe,1)
(foh,1)
(for,174)
(fun,1)
(gay,1)
(get,8)
(god,1)
(got,2)
(gum,1)
(had,53)
(has,9)
(hem,1)
(hen,1)
(her,207)
(hey,1)
(hid,1)
(hie,1)
(him,186)
(hip,1)
(his,160)
(hot,2)
(how,30)
(ice,1)
(icy,1)
(ill,3)
(it],1)
(jot,2)
(joy,6)
(key,2)
(kin,1)
(law,5)
(lay,8)
(led,4)
(lee,1)
(leg,3)
(let,50)
(lie,11)
(lip,3)
(low,2)
(mad,6)
(man,51)
(may,49)
(men,23)
(met,3)
(moe,2)
(nay,6)
(net,1)
(new,5)
(nor,35)
(not,300)
(now,86)
(oak,2)
(odd,2)
(off,9)
(oft,9)
(old,9)
(one,52)
(ope,1)
(our,46)
(out,52)
(owe,2)
(own,29)
(pay,1)
(pox,1)
(put,31)
(ram,1)
(ran,2)
(rot,1)
(run,2)
(sat,1)
(saw,8)
(say,67)
(sea,11)
(see,43)
(set,12)
(sew,1)
(she,129)
(sin,5)
(sir,46)
(sit,1)
(son,2)
(sow,1)
(spy,1)
(sue,3)
(sun,4)
(sup,2)
(ten,2)
(the,672)
(thy,74)
(tin,1)
(tis,47)
(too,31)
(top,1)
(toy,1)
(try,1)
(two,7)
(use,7)
(vow,3)
(war,6)
(was,66)
(way,17)
(web,2)
(who,19)
(why,11)
(win,5)
(wit,12)
(woe,1)
(won,1)
(woo,2)
(yea,1)
(yes,2)
(yet,52)
(you,453)
(Alas,19)
(Amen,2)
(Away,4)
(Bade,2)
(Beat,2)
(Bell,1)
(Blow,1)
(Bond,1)
(Both,1)
(Burn,1)
(Buys,1)
(Call,5)
(Came,1)
(Cold,1)
(Come,31)
(DUKE,27)
(Damn,2)
(Dane,2)
(Dead,1)
(Dear,1)
(Dian,1)
(Dies,2)
(Does,3)
(Dost,6)
(Doth,2)
(Down,2)
(Drew,1)
(Drop,1)
(Dull,1)
(Each,2)
(Even,13)
(Exit,34)
(Fall,1)
(Fear,1)
(Fire,1)
(Fled,1)
(Fore,2)
(Foul,1)
(From,11)
(Full,1)
(Give,11)
(Good,25)
(Guns,2)
(Hail,1)
(Hang,1)
(Hark,5)
(Hast,1)
(Hath,12)
(Have,11)
(Hell,1)
(Help,6)
(Here,19)
(Hold,4)
(IAGO,297)
(Iago,61)
(Into,2)
(Jove,3)
(Keep,3)
(Kill,2)
(Kind,1)
(King,1)
(Know,3)
(Lady,1)
(Lead,2)
(Left,1)
(Lend,3)
(Lest,2)
(Like,3)
(Long,1)
(Look,15)
(Lord,1)
(Made,2)
(Make,7)
(Many,1)
(Mark,1)
(Meet,1)
(Mine,1)
(Moor,57)
(More,7)
(Most,8)
(Much,2)
(Muse,1)
(Must,2)
(News,2)
(None,1)
(Note,1)
(Once,1)
(Over,1)
(Pale,1)
(Past,1)
(Pish,2)
(Poor,3)
(Pray,6)
(Puff,1)
(Robs,1)
(Rude,1)
(Sans,1)
(Save,4)
(Seek,1)
(Sees,1)
(Send,2)
(Show,1)
(Sing,6)
(Soft,2)
(Some,12)
(Stay,1)
(Such,1)
(Sure,1)
(Take,7)
(Talk,1)
(Tell,2)
(Than,14)
(That,114)
(Then,6)
(They,16)
(This,30)
(Thou,18)
(Thus,3)
(Till,4)
(Took,1)
(Turk,7)
(Turn,1)
(Tush,1)
(Twas,3)
(Upon,6)
(Very,4)
(Wash,1)
(Wear,2)
(Well,17)
(Went,1)
(Were,4)
(What,111)
(When,21)
(Whip,2)
(Whoe,1)
(Whom,3)
(Will,15)
(Wilt,1)
(With,27)
(Work,1)
(Your,13)
(ache,1)
(alas,6)
(alms,1)
(amen,2)
(anew,1)
(anon,4)
(arch,1)
(arms,2)
(arts,1)
(auld,1)
(away,23)
(back,7)
(bade,4)
(bags,1)
(bang,1)
(bank,1)
(bare,3)
(bark,2)
(base,5)
(bawd,1)
(bear,16)
(beat,2)
(beds,2)
(been,22)
(beer,1)
(begg,1)
(bell,4)
(best,17)
(bind,2)
(blab,1)
(blow,3)
(blue,1)
(boat,1)
(bobb,1)
(bode,2)
(body,6)
(bold,8)
(book,2)
(boon,1)
(born,4)
(both,7)
(boys,1)
(brow,2)
(bulk,1)
(burn,1)
(busy,3)
(butt,1)
(call,21)
(calm,1)
(came,8)
(camp,1)
(cape,1)
(capp,1)
(caps,1)
(care,4)
(case,2)
(cast,5)
(cats,2)
(cell,1)
(chid,1)
(chop,1)
(city,2)
(clip,1)
(clog,1)
(coat,1)
(cold,1)
(come,53)
(cool,1)
(cope,1)
(cost,2)
(cups,1)
(cure,3)
(damn,8)
(dare,8)
(dark,3)
(dart,1)
(dash,1)
(daws,1)
(days,6)
(dead,14)
(dear,15)
(deed,7)
(deep,1)
(demi,1)
(deny,5)
(dial,1)
(died,1)
(dies,3)
(diet,2)
(dine,1)
(dire,1)
(dirt,1)
(does,14)
(dolt,1)
(done,25)
(door,6)
(dost,23)
(dote,1)
(doth,15)
(down,10)
(dram,1)
(draw,9)
(drop,3)
(drum,1)
(duck,1)
(duke,11)
(dull,3)
(duty,11)
(dyed,1)
(each,5)
(earn,1)
(ears,3)
(ease,2)
(east,1)
(easy,2)
(else,13)
(errs,2)
(even,23)
(ever,29)
(evil,3)
(exit,2)
(eyed,1)
(eyes,12)
(face,7)
(fail,1)
(fain,2)
(fair,22)
(fall,12)
(fame,2)
(fast,3)
(fate,6)
(fear,20)
(feed,2)
(feel,3)
(feet,1)
(fell,3)
(felt,2)
(fife,1)
(fill,1)
(find,20)
(fine,2)
(fire,5)
(firm,1)
(five,1)
(flag,1)
(fled,1)
(fond,5)
(food,2)
(fool,12)
(foot,1)
(form,3)
(foul,17)
(four,1)
(free,16)
(from,66)
(full,13)
(fury,2)
(gain,3)
(gait,1)
(gall,3)
(game,1)
(gape,1)
(garb,1)
(gate,2)
(gave,17)
(gaze,1)
(gets,1)
(gift,2)
(girl,2)
(give,35)
(glad,9)
(gnaw,3)
(goat,1)
(gods,1)
(goes,4)
(gold,3)
(gone,15)
(good,68)
(gown,2)
(grew,1)
(grim,2)
(grow,4)
(gull,1)
(gyve,1)
(hair,1)
(half,7)
(hall,1)
(hand,26)
(hang,5)
(happ,1)
(hard,5)
(hark,2)
(harm,6)
(hast,18)
(hate,6)
(hath,55)
(have,196)
(head,10)
(heal,1)
(hear,26)
(heat,3)
(heed,3)
(heir,2)
(held,1)
(hell,12)
(helm,1)
(help,19)
(her],1)
(here,60)
(hers,4)
(hide,1)
(hies,1)
(high,7)
(him],1)
(hint,2)
(hire,1)
(hold,17)
(holy,1)
(home,9)
(hope,8)
(hour,8)
(huge,2)
(hunt,1)
(hurl,1)
(hurt,9)
(hush,1)
(idle,3)
(ills,2)
(into,18)
(isle,7)
(itch,1)
(jump,2)
(just,8)
(keel,1)
(keep,14)
(kept,1)
(kill,22)
(kind,8)
(kiss,8)
(knee,2)
(knew,5)
(knit,1)
(knot,1)
(know,69)
(lack,5)
(lads,2)
(lady,22)
(laid,4)
(lame,2)
(land,3)
(laps,1)
(lash,1)
(last,4)
(late,2)
(lawn,1)
(ldst,1)
(lead,4)
(leap,1)
(left,5)
(legs,1)
(lend,1)
(less,3)
(lest,1)
(lewd,1)
(liar,1)
(lies,12)
(life,17)
(lift,2)
(like,25)
(lion,1)
(lipp,1)
(lips,8)
(list,4)
(live,13)
(lock,2)
(long,10)
(look,22)
(loop,1)
(lord,89)
(lose,6)
(loss,2)
(lost,19)
(loud,3)
(love,80)
(lown,1)
(lust,7)
(made,18)
(maid,4)
(maim,2)
(main,4)
(make,46)
(mane,1)
(many,15)
(mark,8)
(marr,1)
(mars,1)
(mask,1)
(mass,3)
(mean,13)
(meat,2)
(meet,12)
(melt,1)
(mend,2)
(mere,4)
(mind,11)
(mine,20)
(minx,2)
(mock,5)
(mood,2)
(moon,4)
(more,65)
(morn,2)
(most,48)
(moth,1)
(move,3)
(much,32)
(must,57)
(name,11)
(near,6)
(neck,2)
(news,7)
(next,7)
(nice,1)
(nigh,1)
(nine,4)
(none,12)
(noon,1)
(nose,4)
(note,2)
(oath,2)
(obey,5)
(odds,1)
(omit,1)
(once,9)
(ones,5)
(only,2)
(open,3)
(ours,1)
(over,2)
(pace,1)
(pain,3)
(pale,2)
(palm,2)
(part,9)
(pass,4)
(past,5)
(pate,1)
(peck,1)
(peer,1)
(pegs,1)
(pelt,1)
(pens,1)
(pick,1)
(pint,1)
(pith,1)
(pity,5)
(play,8)
(pole,1)
(pomp,1)
(poor,16)
(port,1)
(post,3)
(pour,2)
(pray,23)
(puny,1)
(pure,3)
(puts,3)
(quat,1)
(quay,1)
(rack,1)
(rage,2)
(rail,1)
(rain,1)
(rank,2)
(rash,4)
(read,3)
(rest,3)
(ribs,2)
(rich,3)
(ring,1)
(ripe,1)
(rise,4)
(roar,1)
(robb,4)
(robs,1)
(rock,1)
(roll,1)
(room,4)
(rose,2)
(rout,1)
(rubb,1)
(rude,1)
(rule,2)
(runs,2)
(rush,1)
(rust,1)
(safe,3)
(said,17)
(sail,11)
(sake,4)
(salt,4)
(same,7)
(save,1)
(says,6)
(scan,1)
(scar,1)
(seal,2)
(seas,2)
(seat,1)
(sect,1)
(seek,6)
(seem,8)
(seen,15)
(sees,1)
(self,3)
(sell,1)
(send,6)
(sent,6)
(shed,1)
(ship,4)
(shot,2)
(show,7)
(shut,3)
(sick,1)
(side,7)
(sigh,1)
(sign,2)
(silk,1)
(sing,2)
(sink,1)
(sins,3)
(sith,2)
(skin,1)
(slip,1)
(slow,1)
(snow,1)
(soft,2)
(sold,2)
(some,59)
(song,5)
(soon,2)
(soul,33)
(sour,1)
(span,1)
(stab,1)
(stay,7)
(step,1)
(stir,2)
(stol,4)
(stop,3)
(stow,1)
(such,65)
(suit,11)
(supp,2)
(sups,1)
(sure,18)
(swag,1)
(swan,1)
(tail,2)
(take,22)
(tale,5)
(talk,5)
(tall,1)
(tame,1)
(task,1)
(tear,1)
(teem,1)
(tell,23)
(term,1)
(test,1)
(than,34)
(that,282)
(thee,76)
(them,47)
(then,48)
(they,58)
(thin,1)
(this,192)
(thou,127)
(thus,27)
(till,7)
(time,29)
(tire,1)
(toad,1)
(told,11)
(took,3)
(topp,1)
(town,7)
(toys,1)
(tree,2)
(true,27)
(tune,2)
(turn,13)
(twas,10)
(ugly,1)
(undo,2)
(unto,1)
(upon,47)
(used,6)
(uses,2)
(vain,2)
(vale,1)
(vast,1)
(very,40)
(vice,6)
(view,1)
(vile,4)
(wage,1)
(wait,1)
(wake,1)
(walk,4)
(want,2)
(warm,1)
(wars,7)
(wary,2)
(wast,1)
(ways,1)
(weak,3)
(wear,2)
(weed,2)
(week,1)
(weep,11)
(well,64)
(went,3)
(were,34)
(wert,1)
(west,1)
(what,86)
(when,32)
(whip,1)
(whom,7)
(wide,1)
(wife,38)
(wild,3)
(will,137)
(wilt,2)
(wind,8)
(wine,8)
(wing,1)
(wipe,1)
(wise,8)
(wish,8)
(with,195)
(wits,3)
(wive,1)
(womb,1)
(wont,2)
(word,7)
(work,14)
(writ,1)
(yawn,1)
(year,3)
(yell,1)
(yerk,1)
(yond,2)
(your,194)
(Abhor,1)
(Abuse,1)
(Adieu,3)
(After,5)
(Arise,3)
(Aside,2)
(Awake,2)
(Begot,1)
(Being,4)
(Bells,1)
(Blush,1)
(Brave,1)
(Bring,2)
(Chaos,1)
(Clown,17)
(Comes,2)
(Cough,1)
(Could,2)
(Cried,1)
(Cupid,1)
(Death,1)
(Devil,1)
(Didst,1)
(Draws,1)
(Drink,1)
(Drown,1)
(Drunk,2)
(Eight,1)
(Enter,48)
(Every,3)
(Exist,1)
(Faith,9)
(Falls,3)
(Fetch,3)
(Filth,1)
(First,17)
(Forth,2)
(Found,2)
(Given,1)
(Gives,1)
(Goats,1)
(Going,1)
(Great,1)
(Haply,1)
(Hence,1)
(Holds,1)
(Holla,1)
(Honey,1)
(Hydra,1)
(IAGO],1)
(Janus,1)
(Judge,1)
(Leave,2)
(Light,3)
(Lives,1)
(Madam,5)
(Makes,1)
(Marry,7)
(Moore,1)
(Moors,1)
(Music,1)
(Naked,1)
(Never,6)
(Noses,1)
(Opens,1)
(Peace,2)
(Peter,1)
(Plies,1)
(Prick,1)
(Pride,1)
(Quick,1)
(Quite,1)
(Raise,1)
(Roman,1)
(Rough,1)
(Rouse,1)
(SCENE,15)
(Saint,1)
(Shall,11)
(Shore,1)
(Since,1)
(Sings,1)
(Spain,1)
(Speak,4)
(Stabs,2)
(Stand,3)
(Steep,1)
(Steps,1)
(Still,2)
(Stood,2)
(Swear,1)
(Sweet,4)
(Swell,1)
(Their,6)
(There,14)
(These,8)
(Think,6)
(Third,4)
(Those,3)
(Three,2)
(Throw,1)
(Touch,1)
(Truly,2)
(Trust,2)
(Turks,3)
(Twere,1)
(Twill,1)
(Tying,1)
(Uncle,1)
(Unfit,1)
(Utter,1)
(Vouch,1)
(Watch,1)
(Wears,1)
(Whate,1)
(Where,17)
(Which,17)
(While,1)
(Whose,5)
(Worse,1)
(Would,7)
(Write,1)
(Yield,1)
(Yours,1)
(abhor,2)
(abode,1)
(about,13)
(above,4)
(abuse,4)
(aches,1)
(adieu,1)
(adopt,1)
(after,13)
(again,38)
(alive,2)
(alone,4)
(along,2)
(aloud,2)
(alter,1)
(amend,1)
(amiss,2)
(angel,2)
(anger,2)
(angry,6)
(apart,3)
(arise,1)
(assay,2)
(asses,1)
(atone,1)
(aught,6)
(babes,1)
(backs,1)
(balmy,2)
(bawdy,1)
(beard,2)
(bears,3)
(beast,4)
(began,3)
(begin,2)
(being,16)
(belch,1)
(belie,2)
(below,1)
(birth,2)
(black,8)
(blame,7)
(blank,1)
(blast,1)
(bleed,3)
(bless,5)
(blind,2)
(bliss,2)
(blood,14)
(blown,2)
(board,1)
(boast,1)
(bones,1)
(borne,1)
(bosom,5)
(bound,9)
(brace,2)
(brain,2)
(brave,3)
(brawl,2)
(bread,1)
(break,2)
(breed,3)
(bride,1)
(brief,4)
(bring,14)
(broil,1)
(broke,1)
(brook,1)
(build,2)
(burst,1)
(cable,1)
(calls,1)
(calms,1)
(canst,4)
(carry,1)
(carve,1)
(cases,2)
(catch,1)
(cause,15)
(chair,6)
(charm,2)
(chase,1)
(chide,2)
(child,3)
(choke,1)
(chose,2)
(chuck,2)
(civil,3)
(clean,1)
(clear,1)
(climb,1)
(clime,1)
(clink,4)
(cloak,1)
(clock,1)
(clogs,1)
(close,4)
(coats,1)
(comes,22)
(compt,1)
(cords,1)
(couch,3)
(could,18)
(court,3)
(crack,1)
(crave,1)
(cried,2)
(cries,1)
(crime,1)
(crown,2)
(cruel,3)
(curse,4)
(daily,1)
(dames,1)
(dance,1)
(dealt,1)
(death,13)
(deeds,4)
(delay,2)
(depth,1)
(devil,21)
(didst,7)
(diest,2)
(doing,2)
(doors,3)
(dotes,2)
(doubt,8)
(dozen,2)
(dream,5)
(dress,2)
(dries,1)
(drink,4)
(dropp,1)
(drops,1)
(drown,5)
(drugs,2)
(drunk,10)
(durst,1)
(dwell,2)
(dying,1)
(early,1)
(earth,4)
(eaten,1)
(eight,2)
(elbow,1)
(embay,1)
(empty,1)
(ended,1)
(enemy,3)
(enjoy,2)
(ensue,1)
(enter,16)
(error,3)
(every,15)
(evils,1)
(fable,1)
(faith,12)
(falls,4)
(false,17)
(fancy,1)
(fatal,2)
(fated,1)
(fault,4)
(fears,2)
(feats,1)
(feeds,2)
(feels,1)
(fetch,5)
(field,3)
(fiend,1)
(fight,2)
(filch,1)
(fills,2)
(first,15)
(fixed,2)
(fleet,6)
(flies,2)
(flock,1)
(flood,4)
(foams,1)
(folly,3)
(fools,4)
(forms,2)
(forth,4)
(forty,2)
(found,19)
(frail,2)
(frame,1)
(frank,2)
(fresh,5)
(frize,1)
(front,2)
(fruit,1)
(galls,1)
(gibes,1)
(gifts,1)
(given,5)
(gives,5)
(globe,1)
(gloss,1)
(goats,1)
(going,3)
(gorge,1)
(gowns,1)
(grace,12)
(grain,1)
(grant,3)
(grave,5)
(graze,1)
(great,23)
(green,4)
(greet,3)
(grief,7)
(gripe,1)
(grise,1)
(groan,2)
(groom,1)
(gross,6)
(grows,3)
(guard,7)
(guess,2)
(gulfs,1)
(hadst,3)
(hairs,1)
(hales,1)
(halts,1)
(hands,6)
(hangs,3)
(haply,2)
(happy,6)
(harsh,1)
(haste,5)
(hates,1)
(haunt,2)
(heads,2)
(heard,16)
(hears,2)
(heart,28)
(heave,1)
(heavy,8)
(heels,1)
(hence,6)
(herbs,1)
(hills,2)
(hinge,1)
(hobby,1)
(holds,2)
(hopes,5)
(horse,2)
(hotly,1)
(hound,1)
(hours,4)
(house,11)
(human,1)
(hunts,1)
(hurts,2)
(incur,2)
(index,1)
(issue,2)
(jewel,2)
(joint,2)
(judge,2)
(keeps,3)
(kills,2)
(kinds,1)
(knave,12)
(kneel,2)
(knees,2)
(knock,1)
(known,11)
(knows,9)
(lacks,1)
(large,1)
(laugh,2)
(leads,1)
(learn,2)
(least,5)
(leave,18)
(leets,1)
(liest,1)
(light,21)
(likes,1)
(lined,1)
(lives,6)
(lolls,1)
(looks,4)
(loose,3)
(lords,2)
(loser,1)
(loses,1)
(loved,12)
(loves,12)
(lower,1)
(loyal,1)
(lusts,1)
(lusty,1)
(madam,9)
(magic,3)
(makes,11)
(marry,7)
(match,3)
(means,7)
(meant,1)
(meets,1)
(mercy,5)
(merit,3)
(merry,3)
(might,15)
(mince,1)
(minds,3)
(mines,1)
(moans,1)
(mocks,2)
(moist,2)
(money,14)
(moons,1)
(mourn,1)
(mouth,3)
(moved,5)
(mummy,1)
(music,5)
(naked,3)
(needs,6)
(neigh,1)
(never,34)
(newer,1)
(newly,1)
(niece,1)
(night,54)
(noble,20)
(noise,6)
(north,1)
(noted,1)
(often,5)
(order,1)
(other,24)
(overt,1)
(pains,6)
(pants,1)
(paper,3)
(parts,4)
(party,1)
(pause,2)
(peace,6)
(pearl,1)
(peril,2)
(petty,1)
(piece,2)
(pilot,2)
(pipes,2)
(pitch,1)
(place,26)
(plain,1)
(plant,1)
(plays,1)
(pluck,2)
(plume,1)
(point,3)
(poise,2)
(poppy,1)
(power,6)
(prate,1)
(prays,2)
(press,1)
(price,2)
(pride,3)
(prime,1)
(prize,1)
(proof,7)
(proud,2)
(prove,9)
(pulls,2)
(purse,11)
(quick,3)
(quiet,5)
(quite,2)
(raise,1)
(ranks,2)
(raven,1)
(reach,2)
(reads,1)
(refer,1)
(renew,1)
(revel,1)
(rheum,1)
(right,5)
(rings,2)
(rites,1)
(roast,1)
(rocks,2)
(rogue,4)
(roots,1)
(round,3)
(rouse,1)
(royal,2)
(ruled,1)
(rules,2)
(sadly,1)
(safer,2)
(sails,1)
(sands,1)
(sated,1)
(saucy,1)
(saved,5)
(scale,1)
(scant,2)
(scion,1)
(score,3)
(scorn,2)
(scuse,1)
(seals,1)
(seamy,1)
(seems,6)
(seize,2)
(sense,18)
(serve,3)
(seven,4)
(shake,7)
(shall,87)
(shalt,4)
(shame,6)
(shape,1)
(shipp,1)
(shirt,2)
(shook,1)
(shore,3)
(short,1)
(shown,1)
(shows,5)
(sibyl,1)
(sides,2)
(siege,1)
(sighs,1)
(sight,4)
(silly,1)
(since,3)
(sings,1)
(skies,1)
(slack,1)
(slain,5)
(slave,8)
(sleep,6)
(slept,1)
(slime,1)
(small,4)
(smell,5)
(smile,3)
(smock,1)
(smote,1)
(snipe,1)
(solid,1)
(sooth,2)
(sooty,1)
(sores,1)
(sorry,7)
(souls,7)
(spake,4)
(spare,1)
(speak,48)
(speed,4)
(spend,3)
(spent,1)
(spied,1)
(spite,3)
(spoil,1)
(spoke,5)
(sport,7)
(stabs,1)
(stain,1)
(stake,1)
(stamp,1)
(stand,13)
(stare,2)
(starr,1)
(stars,1)
(start,1)
(state,16)
(stead,1)
(steal,5)
(steed,1)
(steel,1)
(steep,1)
(stick,1)
(still,8)
(stirs,3)
(stone,2)
(stood,1)
(stopp,2)
(stops,3)
(store,1)
(storm,1)
(story,4)
(stoup,1)
(strip,1)
(stuff,2)
(sugar,1)
(surge,1)
(swear,5)
(sweet,20)
(swell,1)
(swift,2)
(sword,10)
(swore,1)
(sworn,1)
(table,1)
(taint,2)
(taken,3)
(takes,3)
(taper,1)
(tasks,2)
(taste,1)
(teach,6)
(tears,7)
(teeth,1)
(tells,2)
(tempt,1)
(tends,1)
(terms,4)
(thank,10)
(their,42)
(there,53)
(these,24)
(thief,3)
(thigh,2)
(thine,11)
(thing,19)
(think,62)
(third,1)
(those,11)
(three,5)
(threw,1)
(throw,3)
(thyme,1)
(times,7)
(title,1)
(toads,1)
(toged,1)
(token,5)
(tooth,1)
(touch,5)
(trade,1)
(trash,4)
(trees,1)
(tribe,3)
(trick,2)
(trimm,1)
(troop,2)
(troth,3)
(truly,6)
(trump,1)
(trust,4)
(truth,8)
(tuned,1)
(twain,1)
(tween,1)
(twere,2)
(twill,3)
(twinn,1)
(twixt,3)
(uncle,1)
(under,1)
(unpin,2)
(useth,1)
(vices,1)
(viper,1)
(vital,1)
(voice,7)
(vomit,1)
(vouch,3)
(wager,1)
(waked,2)
(waken,1)
(wakes,1)
(waste,1)
(watch,12)
(water,3)
(weary,1)
(weeps,2)
(weigh,1)
(wench,2)
(where,23)
(which,30)
(while,5)
(white,2)
(whole,4)
(whore,12)
(whose,9)
(wider,1)
(wight,3)
(wills,3)
(winds,3)
(winks,1)
(witty,1)
(wived,1)
(wives,3)
(woman,18)
(women,3)
(wooer,1)
(words,9)
(works,3)
(world,29)
(worms,1)
(worse,4)
(worst,6)
(worth,4)
(would,72)
(wound,2)
(wrath,2)
(wreck,1)
(wring,1)
(write,3)
(wrong,16)
(years,7)
(yoked,1)
(young,10)
(yours,5)
(youth,5)
(Abused,1)
(Albeit,1)
(Aleppo,1)
(Almain,1)
(Angelo,1)
(Assays,1)
(Avaunt,1)
(BIANCA,20)
(Before,6)
(Behold,3)
(Belief,1)
(Bianca,6)
(Bianco,1)
(Boding,1)
(Breaks,1)
(CASSIO,130)
(Caesar,1)
(Cannot,4)
(Cassio,122)
(Certes,1)
(Cousin,1)
(Crying,1)
(Cursed,1)
(Cyprus,26)
(Demand,1)
(Descry,1)
(Devour,1)
(Diablo,1)
(EMILIA,124)
(Either,3)
(Emilia,12)
(Entire,1)
(Evades,1)
(Exceed,1)
(Exeunt,25)
(Faints,1)
(Fourth,1)
(German,1)
(Giving,1)
(Heaven,8)
(Herald,2)
(Honest,5)
(Humbly,1)
(Indeed,7)
(Indian,1)
(Kneels,2)
(Making,1)
(Marcus,1)
(Minion,1)
(Murder,1)
(Myself,3)
(Naples,1)
(Nature,1)
(Nobody,2)
(Offend,1)
(Others,1)
(Outran,1)
(Pardon,1)
(Parted,1)
(People,1)
(Plague,1)
(Please,1)
(Poison,1)
(Pontic,1)
(Prizes,1)
(Probal,1)
(Remove,1)
(Repair,1)
(Retire,1)
(Rhodes,6)
(Richer,1)
(Sailor,3)
(Saints,1)
(Sblood,1)
(Second,6)
(Seeing,1)
(Shapes,1)
(Shared,1)
(Should,6)
(Strike,2)
(Subdue,2)
(Swords,1)
(Thanks,1)
(Though,13)
(Thrown,1)
(Twould,1)
(Unless,1)
(VENICE,26)
(Venice,19)
(Virtue,1)
(Whilst,1)
(Willow,1)
(Within,2)
(Worthy,2)
(Wounds,1)
(Wrench,1)
(Zounds,3)
([Aside,2)
(aboard,1)
(abroad,2)
(absent,2)
(abused,7)
(abuser,1)
(abuses,1)
(accent,1)
(access,1)
(action,7)
(actual,1)
(advice,1)
(advise,1)
(aerial,1)
(affair,2)
(affect,1)
(afraid,1)
(agnise,1)
(alarum,1)
(almost,8)
(amazed,2)
(amends,1)
(answer,11)
(antres,1)
(argues,1)
(ashore,1)
(asleep,2)
(aspics,1)
(assign,1)
(assist,1)
(assure,2)
(attach,1)
(attend,4)
(avaunt,1)
(awhile,5)
(baboon,1)
(banish,1)
(banner,1)
(battle,2)
(bauble,1)
(beasts,1)
(beaten,1)
(beauty,5)
(become,1)
(befall,1)
(before,16)
(beggar,1)
(begins,2)
(behalf,2)
(behind,7)
(behold,2)
(belike,1)
(belong,1)
(bereft,1)
(besort,1)
(bestow,3)
(betray,2)
(better,14)
(beware,1)
(billow,1)
(bitter,3)
(bloody,9)
(bodies,1)
(bodily,1)
(borrow,1)
(bottle,1)
(bought,1)
(bounty,1)
(boyish,1)
(brains,4)
(breach,2)
(breast,3)
(breath,5)
(breeds,1)
(bridal,1)
(bright,1)
(broken,2)
(cables,1)
(callat,1)
(cannon,1)
(cannot,27)
(carack,1)
(carnal,1)
(caster,1)
(castle,10)
(caught,1)
(chains,1)
(chance,2)
(change,8)
(charge,5)
(charms,4)
(chaste,5)
(cheeks,1)
(cheque,3)
(chides,1)
(choice,2)
(choler,1)
(choose,1)
(cities,1)
(clasps,1)
(closet,1)
(clothe,1)
(clouds,1)
(colour,1)
(coming,3)
(common,3)
(compel,1)
(comply,1)
(copied,1)
(corner,1)
(course,13)
(cousin,1)
(cradle,1)
(create,1)
(credit,4)
(crying,2)
(curled,1)
(cursed,1)
(custom,3)
(damned,6)
(dances,1)
(danger,2)
(deadly,1)
(dearly,1)
(defeat,2)
(defend,3)
(degree,3)
(demand,1)
(denies,1)
(denote,1)
(depend,1)
(depute,1)
(desire,2)
(device,2)
(devils,5)
(devise,3)
(devout,1)
(dilate,1)
(dinner,2)
(direct,2)
(dishes,1)
(dismay,1)
(divine,2)
(dotage,1)
(doting,1)
(double,4)
(doubts,1)
(drinks,2)
(driven,2)
(drowsy,1)
(duties,2)
(easily,2)
(echoes,1)
(effect,3)
(either,5)
(eleven,1)
(embark,1)
(employ,1)
(encave,1)
(endure,3)
(engage,1)
(enmesh,1)
(enough,10)
(entire,1)
(erring,2)
(escape,1)
(events,1)
(excels,1)
(excess,1)
(excuse,1)
(expend,1)
(expert,2)
(extend,1)
(extent,1)
(extern,1)
(facile,1)
(faints,1)
(family,1)
(fasten,1)
(father,19)
(fathom,1)
(faults,2)
(favour,6)
(fellow,9)
(fiends,1)
(figure,2)
(filled,1)
(filthy,2)
(finder,1)
(finger,3)
(fleers,1)
(flinty,1)
(fobbed,1)
(follow,7)
(forbid,4)
(forced,2)
(forges,1)
(forget,3)
(forgot,4)
(forked,1)
(former,3)
(fouler,1)
(fourth,1)
(framed,2)
(freely,5)
(friend,18)
(fright,2)
(frowns,1)
(fruits,2)
(fuller,1)
(gainst,1)
(garden,1)
(garner,1)
(garter,1)
(gavest,1)
(gender,2)
(gentle,10)
(givest,1)
(giving,1)
(gladly,1)
(gloves,2)
(goodly,2)
(graces,1)
(grange,1)
(grapes,1)
(greedy,1)
(griefs,1)
(growth,1)
(guards,1)
(guests,1)
(guides,1)
(guilty,1)
(guinea,1)
(gutter,1)
(habits,1)
(hallow,1)
(halter,1)
(hanged,3)
(haunts,1)
(having,5)
(hazard,1)
(health,2)
(hearts,7)
(heaven,53)
(hidden,1)
(hither,12)
(hollow,2)
(homage,1)
(honest,38)
(honour,11)
(horned,1)
(horror,1)
(humane,1)
(humble,1)
(humbly,6)
(humour,2)
(hunger,1)
(hyssop,1)
(import,3)
(indeed,25)
(indign,1)
(indues,1)
(inform,1)
(injury,3)
(intend,3)
(intent,1)
(invent,1)
(invest,1)
(island,2)
(issues,1)
(itself,10)
(jesses,1)
(jewels,3)
(justly,3)
(kissed,2)
(kisses,3)
(knaves,2)
(knives,1)
(knocks,1)
(labour,3)
(larger,1)
(lately,1)
(latest,1)
(laughs,2)
(lawful,2)
(leaden,1)
(letter,7)
(levels,1)
(lights,2)
(likely,1)
(linger,1)
(liquid,1)
(little,20)
(livest,1)
(living,2)
(loathe,1)
(lodges,3)
(longer,1)
(looked,1)
(lovely,1)
(lovers,2)
(loving,4)
(maiden,1)
(makest,2)
(making,3)
(malice,4)
(manage,1)
(marble,1)
(master,3)
(matter,25)
(member,1)
(memory,1)
(merely,1)
(merits,1)
(messes,1)
(mettle,1)
(mighty,2)
(minute,1)
(misery,1)
(misuse,1)
(modern,1)
(modest,1)
(moment,2)
(mongst,1)
(monkey,1)
(morrow,7)
(mortal,5)
(mother,4)
(motion,3)
(motive,1)
(mouths,3)
(moving,2)
(murder,16)
(murmur,1)
(mutiny,2)
(mutter,1)
(myself,19)
(naming,1)
(napkin,3)
(nation,1)
(native,2)
(nature,15)
(nearer,1)
(needle,1)
(nether,2)
(nights,1)
(nnight,1)
(nobody,2)
(notice,1)
(notify,1)
(nought,4)
(number,1)
(object,2)
(ocular,1)
(odious,1)
(offend,3)
(offers,1)
(office,8)
(others,3)
(owedst,1)
(paddle,1)
(pagans,1)
(palace,1)
(palate,1)
(pardon,10)
(parley,1)
(parrot,1)
(parted,3)
(partly,2)
(passed,1)
(patent,1)
(people,4)
(period,1)
(perish,1)
(person,2)
(phrase,1)
(pieces,1)
(pierce,1)
(plague,4)
(planet,1)
(played,1)
(pleads,1)
(please,7)
(pledge,1)
(pliant,1)
(plucks,1)
(plumed,1)
(pocket,2)
(poison,5)
(policy,2)
(polite,1)
(potent,2)
(pottle,2)
(powers,2)
(praise,6)
(pranks,2)
(prated,1)
(prayer,3)
(prefer,2)
(prison,1)
(prizes,1)
(profit,5)
(prompt,1)
(proofs,3)
(proper,5)
(proved,1)
(public,1)
(purest,1)
(pursue,1)
(quench,2)
(quirks,1)
(raging,2)
(raised,5)
(ransom,1)
(rapier,1)
(rascal,1)
(rather,12)
(reason,12)
(rebels,1)
(rebuke,2)
(refuse,1)
(regard,2)
(region,1)
(relate,2)
(relief,1)
(relish,1)
(relume,1)
(remain,1)
(remedy,1)
(remove,1)
(renown,1)
(repair,1)
(repent,4)
(report,5)
(repute,1)
(reside,1)
(resist,1)
(restem,1)
(return,7)
(revels,2)
(revolt,2)
(reward,1)
(riches,2)
(sacred,1)
(safely,1)
(safest,1)
(safety,2)
(salmon,1)
(savage,1)
(scaped,1)
(scapes,1)
(scarce,2)
(school,1)
(scored,1)
(scorns,1)
(scurvy,3)
(search,2)
(second,6)
(secure,3)
(seeing,1)
(senate,3)
(served,1)
(severe,1)
(shadow,1)
(shaked,1)
(shakes,1)
(shamed,1)
(shames,1)
(sheets,5)
(should,41)
(shrewd,1)
(shrift,1)
(shrill,1)
(shroud,1)
(sieges,1)
(silent,1)
(simple,2)
(sirrah,1)
(slaves,2)
(sleeps,1)
(sleeve,1)
(slight,1)
(smiles,2)
(smooth,2)
(snatch,1)
(soften,1)
(solemn,1)
(sooner,1)
(sorrow,3)
(sounds,1)
(speaks,6)
(speech,12)
(spells,1)
(spends,1)
(spirit,9)
(spleen,1)
(spoken,1)
(squire,1)
(stands,3)
(steals,3)
(sticks,1)
(stings,1)
(stones,2)
(strain,2)
(stream,1)
(street,5)
(strife,1)
(strike,5)
(strive,1)
(stroke,2)
(strong,6)
(subdue,2)
(suborn,1)
(subtle,2)
(suckle,1)
(sudden,2)
(suffer,3)
(suitor,2)
(summer,1)
(summon,1)
(supper,4)
(supply,1)
(surely,2)
(surety,1)
(sweats,1)
(swords,2)
(syrups,1)
(tailor,1)
(tapers,1)
(tasted,1)
(temper,1)
(tempts,1)
(tender,1)
(tented,1)
(thanks,1)
(thence,5)
(things,11)
(thinks,1)
(thinly,1)
(thirty,1)
(though,14)
(thread,1)
(thrice,2)
(thrive,2)
(throat,2)
(throne,1)
(throws,1)
(thrust,2)
(timber,1)
(tinder,1)
(tongue,7)
(toward,1)
(tragic,1)
(trance,1)
(tricks,2)
(trifle,2)
(trusty,1)
(turban,1)
(turned,1)
(twelve,1)
(twenty,2)
(tyrant,1)
(undone,3)
(unfold,2)
(unkind,1)
(unlace,1)
(unless,3)
(unlike,1)
(unmake,1)
(unsafe,1)
(unsure,1)
(unused,1)
(utmost,2)
(valour,1)
(vanish,1)
(vanity,1)
(vapour,1)
(venial,1)
(vessel,2)
(virtue,9)
(visage,2)
(voices,1)
(walked,1)
(wanton,3)
(wasted,2)
(weaken,1)
(weapon,6)
(weight,1)
(whence,3)
(whiles,1)
(whilst,1)
(whiter,1)
(wicked,1)
(willow,17)
(window,1)
(winter,1)
(wisdom,4)
(wisely,1)
(wisest,1)
(withal,2)
(wither,1)
(within,12)
(wolves,1)
(wonder,3)
(wooing,2)
(worser,2)
(worthy,9)
(wounds,2)
(wretch,4)
(wrongs,1)
(yonder,1)
(Against,4)
(Ancient,2)
(Another,3)
(Arabian,1)
(BIANCA],1)
(Barbara,2)
(Barbary,1)
(Because,1)
(Believe,1)
(Beshrew,3)
(Besides,1)
(Blessed,2)
(Certain,1)
(Comfort,1)
(Commend,1)
(Confess,1)
(Confine,1)
(Content,1)
(Desires,1)
(Despise,1)
(Dismiss,1)
(EMILIA],1)
(England,2)
(English,1)
(Enwheel,1)
(Fathers,1)
(Forgive,1)
(General,1)
(Greater,1)
(However,1)
(Justice,1)
(Killing,1)
(Kissing,3)
(Knavery,1)
(Lechery,1)
(MONTANO,30)
(Masters,1)
(Michael,11)
(Montano,5)
(Neither,1)
(Nothing,3)
(OTHELLO,295)
(Officer,3)
(Olympus,1)
(Othello,36)
(Ottoman,1)
(Perfect,1)
(Perhaps,1)
(Perplex,1)
(Pioners,1)
(Players,1)
(Prithee,10)
(Proceed,1)
(Procure,1)
(Raising,1)
(Receive,1)
(Remains,1)
(Retires,1)
(Senator,11)
(Signior,7)
(Silence,1)
(Singing,3)
(Solicit,1)
(Spartan,1)
(Spotted,1)
(Staying,1)
(Stephen,1)
(Sulphur,1)
(Swallow,1)
(Thieves,1)
(Trifles,1)
(Trumpet,1)
(Tuesday,2)
(Turkish,6)
(Unlocks,1)
(Valiant,1)
(Villain,2)
(Villany,1)
(Welcome,3)
(Whereby,1)
(Wherein,4)
(Whereof,1)
(Whereon,1)
(Whereto,1)
(Whether,2)
(Without,2)
(Witness,2)
(Wouldst,2)
([Aside],2)
([Going],1)
([Reads],1)
(abandon,1)
(ability,1)
(absence,3)
(account,1)
(acknown,1)
(actions,1)
(advised,1)
(affairs,6)
(affects,1)
(affined,2)
(against,14)
(allowed,1)
(already,10)
(amiable,1)
(amongst,1)
(amorous,1)
(ancient,7)
(anguish,1)
(another,12)
(antique,1)
(appears,2)
(approve,5)
(ariseth,1)
(arrived,3)
(article,3)
(assails,1)
(assault,1)
(assured,4)
(attempt,4)
(attends,1)
(balance,1)
(baptism,1)
(bargain,1)
(battles,1)
(bearded,1)
(bearing,2)
(beckons,1)
(beguile,4)
(behaved,1)
(believe,9)
(bellied,1)
(beloved,1)
(bending,1)
(beneath,2)
(benefit,2)
(beseech,13)
(besides,4)
(bestial,1)
(bestows,1)
(bethink,1)
(betimes,2)
(between,7)
(betwixt,2)
(bidding,1)
(blacker,1)
(blessed,3)
(blossom,1)
(blotted,1)
(blowing,1)
(boarded,1)
(bolster,1)
(bombast,1)
(bondage,1)
(bookish,1)
(bravery,1)
(brawler,1)
(breadth,1)
(breathe,1)
(breaths,1)
(brimful,1)
(brother,3)
(brought,4)
(bruised,1)
(burning,4)
(caitiff,2)
(calling,1)
(canakin,2)
(capable,1)
(captain,3)
(carried,1)
(cashier,2)
(censure,3)
(certain,7)
(chamber,7)
(chances,1)
(changed,2)
(changes,3)
(charged,2)
(charity,2)
(charmer,1)
(charter,1)
(cheques,1)
(chidden,1)
(chiding,1)
(cinders,1)
(cistern,1)
(citadel,5)
(clamour,1)
(climate,1)
(clothes,1)
(clyster,1)
(coffers,1)
(cogging,1)
(collied,1)
(comfort,4)
(command,7)
(company,5)
(compass,2)
(conceit,1)
(conduct,3)
(confess,16)
(confine,1)
(confirm,1)
(consent,3)
(consuls,2)
(content,12)
(control,1)
(corrupt,1)
(couldst,1)
(council,3)
(counsel,4)
(counter,1)
(country,6)
(courage,1)
(courses,2)
(cousins,1)
(covered,1)
(coxcomb,1)
(criedst,1)
(cruelty,1)
(cuckold,4)
(cunning,6)
(current,2)
(custody,1)
(daffest,1)
(dangers,2)
(darling,1)
(dealest,1)
(dearest,1)
(debitor,1)
(deceive,2)
(defence,1)
(defunct,1)
(degrees,1)
(delight,3)
(deliver,4)
(denoted,1)
(depends,1)
(deserts,1)
(deserve,1)
(desired,1)
(desires,3)
(despise,1)
(despite,2)
(destiny,1)
(devised,1)
(devoted,1)
(direful,1)
(discern,2)
(dismiss,2)
(dispose,1)
(divided,1)
(divorce,1)
(driving,1)
(drowned,1)
(drunken,1)
(dungeon,1)
(duteous,1)
(earnest,2)
(eclipse,1)
(ecstasy,1)
(edified,1)
(effects,1)
(eminent,1)
(emperor,1)
(enforce,2)
(engines,2)
(engluts,1)
(ensnare,1)
(ensteep,1)
(entreat,4)
(equinox,1)
(essence,1)
(esteems,1)
(eternal,2)
(example,1)
(exclaim,1)
(execute,1)
(express,1)
(extreme,1)
(failing,1)
(faintly,2)
(falsely,3)
(fancies,2)
(fantasy,1)
(fashion,2)
(fasting,1)
(fearful,2)
(feather,1)
(fellows,2)
(fertile,1)
(filches,1)
(fingers,2)
(fitchew,1)
(flaming,1)
(flowing,1)
(fluster,1)
(foaming,1)
(foolish,8)
(footing,1)
(forbear,2)
(fordoes,1)
(foreign,1)
(forfend,2)
(forgive,2)
(forsake,2)
(forsook,1)
(fortune,11)
(founded,1)
(frailty,2)
(franker,1)
(frankly,1)
(fraught,1)
(friends,7)
(frights,1)
(fulsome,1)
(furnish,1)
(further,6)
(fustian,1)
(galleys,3)
(gardens,1)
(garland,1)
(general,32)
(gennets,1)
(gentler,1)
(germans,1)
(gesture,2)
(granted,2)
(gratify,1)
(gravity,1)
(greater,1)
(greatly,1)
(grieves,1)
(grosser,1)
(grossly,1)
(grounds,2)
(guesses,1)
(haggard,1)
(hangman,1)
(happily,1)
(harbour,2)
(hearted,2)
(heathen,1)
(heavens,4)
(hellish,1)
(herself,5)
(hideous,1)
(himself,9)
(history,2)
(honesty,9)
(honours,1)
(horrors,1)
(howbeit,1)
(howling,1)
(humbled,1)
(humours,1)
(hundred,5)
(hunting,1)
(husband,22)
(imports,2)
(incense,1)
(incline,1)
(inflame,1)
(ingener,1)
(ingraft,1)
(inhuman,1)
(inquire,1)
(instant,4)
(interim,2)
(intrude,1)
(invited,2)
(inwards,1)
(jealous,13)
(journey,2)
(justice,3)
(keepest,1)
(killing,2)
(kindred,1)
(kinsmen,1)
(knavery,1)
(knowing,1)
(labours,1)
(laughed,1)
(leagued,1)
(learned,2)
(letters,4)
(letting,1)
(lettuce,1)
(liberal,4)
(liberty,2)
(likedst,1)
(likings,1)
(loading,1)
(loathed,1)
(locusts,1)
(lodging,5)
(madness,3)
(maidens,1)
(mandate,2)
(mangled,1)
(manhood,1)
(manners,4)
(manured,1)
(married,5)
(marshal,1)
(masters,9)
(matches,2)
(matters,2)
(mazzard,1)
(meaning,1)
(measure,1)
(melting,1)
(members,1)
(mineral,1)
(minutes,1)
(mockery,1)
(modesty,1)
(monarch,1)
(monkeys,2)
(monster,6)
(moraler,1)
(morning,4)
(mortise,1)
(motions,1)
(murders,2)
(mystery,2)
(natural,1)
(natures,5)
(needful,1)
(neither,5)
(nephews,1)
(nettles,1)
(nightly,2)
(notable,2)
(nothing,23)
(nuptial,1)
(obscure,1)
(observe,3)
(offence,7)
(offends,2)
(officed,1)
(officer,6)
(offices,1)
(opinion,4)
(outlive,1)
(outward,1)
(pageant,1)
(painted,1)
(palates,1)
(parcels,1)
(parlors,1)
(passage,2)
(passing,1)
(passion,8)
(patient,2)
(pattern,1)
(peevish,2)
(perfect,1)
(perform,1)
(perhaps,1)
(perjury,1)
(pierced,1)
(pitiful,3)
(pleased,2)
(pleases,1)
(plucked,1)
(poisons,2)
(potting,1)
(poverty,1)
(praised,1)
(prating,1)
(prattle,2)
(present,8)
(prithee,7)
(private,3)
(proceed,2)
(process,1)
(profane,3)
(profess,2)
(promise,3)
(propose,1)
(protest,3)
(provide,1)
(provoke,1)
(pudding,1)
(puddled,1)
(puppies,1)
(purpose,5)
(putting,2)
(quality,4)
(quarrel,3)
(quarter,1)
(quicken,2)
(quickly,2)
(rascals,1)
(reasons,1)
(receive,1)
(recover,3)
(refrain,1)
(remains,1)
(remorse,2)
(removed,1)
(repeals,1)
(replies,1)
(reports,2)
(request,2)
(requite,1)
(respect,5)
(restore,1)
(retires,2)
(revenge,8)
(rightly,1)
(robbing,1)
(ruffian,1)
(satiety,1)
(satisfy,1)
(scholar,1)
(seaside,1)
(secrets,1)
(seeming,6)
(selling,1)
(senator,1)
(sequent,1)
(serious,1)
(serpent,1)
(servant,1)
(service,8)
(session,2)
(several,1)
(shifted,1)
(shorter,1)
(shortly,3)
(shunned,1)
(sighing,1)
(signior,6)
(silence,1)
(singing,1)
(sitting,1)
(skilful,1)
(skillet,1)
(slander,3)
(slavery,1)
(slipper,1)
(slubber,1)
(soldier,10)
(sorrows,2)
(special,3)
(spirits,4)
(spotted,1)
(sterile,1)
(stifles,1)
(stomach,1)
(stoutly,2)
(strange,7)
(streams,2)
(streets,1)
(strikes,1)
(strings,1)
(strives,1)
(subdued,2)
(succeed,1)
(success,1)
(suffice,1)
(suggest,1)
(suitors,1)
(sulphur,1)
(summons,1)
(support,1)
(suppose,1)
(surgeon,3)
(surgery,1)
(suspect,6)
(sustain,1)
(swagger,1)
(sweeter,1)
(symbols,1)
(talking,3)
(tedious,2)
(telling,1)
(tempest,3)
(temples,1)
(theoric,1)
(thereby,1)
(thereto,1)
(thicken,1)
(thieves,5)
(thither,2)
(thought,20)
(throats,1)
(through,4)
(thunder,1)
(thyself,6)
(tidings,2)
(tilting,1)
(tongues,2)
(tonight,4)
(topping,1)
(torches,4)
(torment,2)
(torture,2)
(towards,2)
(travels,1)
(treason,1)
(tremble,1)
(triumph,3)
(trouble,2)
(trumpet,4)
(twiggen,1)
(tyranny,1)
(unblest,1)
(unfolds,1)
(unhappy,4)
(unhatch,1)
(unknown,2)
(unlucky,1)
(unswear,1)
(usurped,1)
(valiant,9)
(vantage,1)
(venture,1)
(vesture,1)
(vicious,1)
(villain,17)
(villany,7)
(violent,3)
(visages,1)
(voluble,1)
(walking,1)
(wanting,1)
(warlike,4)
(warrant,6)
(warrior,2)
(watches,1)
(wayward,1)
(wealthy,1)
(weapons,5)
(wearing,1)
(wedding,1)
(wedlock,1)
(weeping,1)
(welcome,5)
(wherein,1)
(whereof,2)
(whereon,1)
(whether,1)
(whisper,2)
(whistle,1)
(whoring,1)
(without,11)
(witness,2)
(working,1)
(worldly,1)
(wouldst,3)
(wrangle,1)
(wronger,1)
(wrought,3)
(Deputing,1)
(Directly,1)
(Disprove,1)
(Divinity,1)
(Egyptian,1)
(Entirely,2)
(Farewell,9)
(Florence,1)
(Forsooth,1)
(GRATIANO,25)
(Gratiano,2)
(Horribly,1)
(Impudent,1)
(LODOVICO,39)
(Lodovico,4)
(Luccicos,1)
(Matching,1)
(Methinks,2)
(Mistress,1)
(Moorship,1)
(Musician,5)
(Nonsuits,1)
(OTHELLO],1)
(Officers,6)
(Patience,5)
(Pleasure,1)
(Precious,1)
(Proclaim,1)
(RODERIGO,75)
(Roderigo,28)
(Senators,2)
(Servants,1)
(Speaking,1)
(Steering,1)
(Straight,1)
(Striking,1)
(Succeeds,1)
(Tempests,1)
(Throwing,1)
(Torments,1)
(Touching,1)
(Traitors,1)
(Traverse,1)
(Trumpets,1)
(Venetian,4)
(Veronesa,1)
(Whatever,1)
([Rising],1)
([Within],6)
(absolute,2)
(accident,3)
(achieved,1)
(addition,3)
(affinity,1)
(affright,1)
(alacrity,1)
(alehouse,1)
(ambition,1)
(appeared,2)
(appetite,3)
(applause,1)
(approved,4)
(attended,1)
(backward,1)
(barefoot,1)
(baseness,2)
(beauties,1)
(befallen,1)
(beggarly,1)
(begrimed,1)
(beguiled,2)
(behavior,1)
(believed,1)
(bewhored,1)
(billeted,1)
(birdlime,1)
(blackest,1)
(boasting,1)
(bonfires,1)
(bootless,1)
(bragging,1)
(breeches,1)
(breeding,2)
(brothers,1)
(business,12)
(captains,1)
(caroused,1)
(chastity,1)
(cherubin,1)
(citizens,1)
(civility,1)
(clamours,1)
(coldness,1)
(comforts,3)
(commands,1)
(commoner,1)
(commonly,1)
(complete,1)
(conceits,2)
(conceive,1)
(concerns,2)
(confused,1)
(conjured,2)
(consider,2)
(conspire,1)
(constant,1)
(construe,1)
(continue,1)
(contract,1)
(contrary,1)
(converse,1)
(coursers,1)
(courtesy,5)
(cozening,1)
(craftily,1)
(creation,1)
(creature,6)
(creditor,1)
(critical,1)
(crooking,1)
(curtains,1)
(customer,1)
(darlings,1)
(daughter,14)
(dealings,1)
(deathbed,1)
(deceived,2)
(deceives,1)
(declined,1)
(delicate,6)
(deluding,1)
(demanded,1)
(demerits,1)
(depended,1)
(deserved,1)
(despised,2)
(devilish,1)
(devotion,1)
(dilatory,1)
(directly,3)
(disclose,1)
(discords,1)
(discover,1)
(discreet,1)
(dislikes,1)
(disloyal,2)
(dispatch,4)
(disports,1)
(disputed,1)
(distance,2)
(distaste,1)
(distract,1)
(division,2)
(domestic,1)
(draughts,1)
(dreadful,1)
(drinking,2)
(drowning,3)
(drunkard,1)
(dullness,1)
(earliest,1)
(election,1)
(elements,4)
(embraced,1)
(enchafed,1)
(enfetter,1)
(engender,1)
(enriches,1)
(ensnared,1)
(entreats,2)
(epilepsy,1)
(epithets,1)
(especial,1)
(evermore,2)
(examples,1)
(exchange,1)
(exercise,2)
(facility,1)
(fairness,1)
(familiar,2)
(farewell,7)
(feasting,1)
(fineless,1)
(flattery,1)
(followed,1)
(foregone,1)
(forehead,1)
(forswear,1)
(fortunes,10)
(fountain,1)
(friendly,1)
(fruitful,1)
(function,2)
(futurity,1)
(gallants,2)
(gastness,1)
(generous,1)
(gestures,1)
(glorious,2)
(goodness,3)
(governor,3)
(gracious,3)
(greatest,1)
(greeting,1)
(grieving,1)
(grievous,1)
(guardage,1)
(handsome,2)
(hardness,2)
(harlotry,1)
(haunting,1)
(heartily,1)
(heavenly,7)
(heraldry,1)
(hitherto,1)
(homepage,1)
(horologe,1)
(horrible,3)
(humanity,1)
(hungerly,1)
(husbands,5)
(idleness,1)
(ignorant,2)
(imminent,1)
(immortal,2)
(impotent,1)
(increase,1)
(indicted,1)
(indirect,1)
(industry,1)
(infected,1)
(inferior,1)
(iniquity,2)
(injuries,1)
(innocent,1)
(insolent,1)
(instruct,2)
(inviting,1)
(jealousy,7)
(judgment,7)
(kindness,1)
(kitchens,1)
(knocking,1)
(ladyship,3)
(laughter,1)
(lethargy,1)
(likewise,1)
(lingered,1)
(lordship,2)
(luscious,1)
(maidhood,1)
(manifest,1)
(marriage,2)
(marrying,1)
(masterly,1)
(measures,1)
(medicine,2)
(merciful,1)
(methinks,2)
(midnight,1)
(millions,1)
(minerals,1)
(minister,2)
(miscarry,1)
(mischief,2)
(misgives,1)
(mistress,18)
(mixtures,1)
(murderer,1)
(musician,1)
(neighing,1)
(nobility,1)
(obedient,5)
(occasion,3)
(offended,1)
(officers,1)
(opposite,2)
(outsport,1)
(palpable,1)
(paragons,1)
(parallel,1)
(patience,9)
(peculiar,3)
(penitent,1)
(perceive,6)
(perforce,1)
(perfumed,1)
(perjured,1)
(personal,2)
(persuade,2)
(pertains,1)
(pictures,1)
(piercing,1)
(platform,1)
(pleasure,7)
(populous,2)
(portance,1)
(portents,1)
(position,2)
(possible,7)
(powerful,2)
(practise,3)
(praisest,1)
(precious,1)
(pregnant,1)
(prepared,1)
(presence,1)
(preserve,1)
(prisoner,2)
(probable,1)
(produced,1)
(prologue,2)
(promised,1)
(prompter,1)
(property,1)
(proposed,1)
(prospect,1)
(protests,1)
(purchase,1)
(purposed,1)
(purposes,3)
(quarries,1)
(question,5)
(quillets,1)
(received,4)
(redeemed,1)
(remedies,1)
(remember,2)
(removing,2)
(renounce,1)
(reproach,1)
(required,1)
(requires,2)
(reserves,1)
(resolved,1)
(retiring,1)
(returned,2)
(reverend,3)
(ruffians,1)
(ruminate,1)
(senators,2)
(sensible,1)
(sentence,4)
(servants,2)
(services,1)
(servitor,1)
(shambles,1)
(shouldst,3)
(signiors,1)
(signiory,1)
(sixpence,1)
(slumbers,1)
(smallest,1)
(snorting,1)
(soldiers,1)
(speaking,3)
(spinster,1)
(splinter,1)
(squabble,1)
(squadron,1)
(stabbing,1)
(stirring,3)
(stomachs,1)
(straight,6)
(stranger,2)
(strangle,1)
(stronger,1)
(strongly,2)
(strumpet,10)
(stubborn,1)
(suffered,1)
(supplied,2)
(surmises,1)
(suspects,1)
(swallows,1)
(sweating,1)
(sweetest,1)
(sweeting,1)
(swelling,1)
(sycamore,1)
(syllable,1)
(sympathy,1)
(tainting,1)
(teachest,1)
(tenderly,1)
(terrible,1)
(thinkest,1)
(thinking,4)
(thoughts,14)
(thousand,4)
(throwing,1)
(timorous,1)
(together,6)
(traduced,1)
(tranquil,1)
(trespass,2)
(troubled,1)
(unbitted,1)
(unforced,1)
(unhoused,1)
(unjustly,1)
(unkindly,1)
(unlawful,2)
(unmoving,1)
(unproper,1)
(unwitted,1)
(unworthy,1)
(upbraids,1)
(vehement,1)
(vexation,1)
(villains,4)
(violence,3)
(virtuous,4)
(votarist,1)
(warranty,1)
(watching,1)
(waterish,1)
(weakness,1)
(wheeling,1)
(whipster,1)
(withdraw,3)
(wondrous,1)
(wretched,3)
(yourself,16)
(BRABANTIO,36)
(Bounteous,1)
(Brabantio,7)
(Cannibals,1)
(Christian,3)
(Committed,1)
(Conserved,1)
(Convinced,1)
(DESDEMONA,186)
(Dangerous,1)
(Delighted,1)
(Desdemona,43)
(Devesting,1)
(Excellent,3)
(Gentleman,15)
(Gentlemen,6)
(Hollander,2)
(Messenger,3)
(Musicians,2)
(Ottomites,3)
(Palestine,1)
(Perchance,1)
(Perdition,1)
(Potations,1)
(Propontic,1)
(RODERIGO],1)
(Sagittary,2)
(Something,5)
(Sometimes,2)
(Therefore,3)
(Venetians,1)
(Villanous,2)
(Wednesday,1)
([Singing],2)
([Striking,1)
(abilities,2)
(accidents,2)
(addiction,1)
(admirable,1)
(advantage,5)
(affection,3)
(affordeth,1)
(alabaster,1)
(allowance,2)
(appetites,1)
(apprehend,2)
(arrivance,1)
(attendant,1)
(attending,2)
(authority,2)
(barbarian,1)
(barbarous,1)
(beginning,1)
(blackness,1)
(blazoning,1)
(bounteous,2)
(brimstone,1)
(captivity,1)
(carefully,1)
(catechise,1)
(certainly,1)
(challenge,2)
(chronicle,1)
(commanded,2)
(commander,1)
(committed,5)
(compasses,1)
(condition,4)
(continues,1)
(contrived,1)
(corrupted,2)
(courtship,1)
(creatures,2)
(credulous,1)
(crocodile,1)
(crusadoes,1)
(cudgelled,1)
(damnation,2)
(dangerous,1)
(daughters,1)
(defective,1)
(deficient,1)
(delations,1)
(delighted,1)
(delivered,1)
(deserving,3)
(desperate,3)
(determine,1)
(difficult,1)
(direction,3)
(discarded,1)
(discharge,1)
(discourse,4)
(disembark,1)
(displease,1)
(disrelish,1)
(dissemble,1)
(doubtless,1)
(downright,1)
(drunkards,1)
(education,2)
(enchanted,1)
(enshelter,1)
(equivocal,1)
(erbearing,1)
(erwhelmed,1)
(essential,1)
(exceeding,1)
(excellent,2)
(excelling,1)
(exception,1)
(execution,1)
(exquisite,2)
(extenuate,1)
(extincted,1)
(extremity,1)
(following,6)
(foolishly,1)
(forthwith,1)
(fortitude,1)
(gardeners,1)
(gentleman,4)
(gentlemen,10)
(godliness,1)
(gondolier,1)
(gradation,1)
(grandsire,1)
(grievance,1)
(guiltless,3)
(happiness,3)
(healthful,1)
(hereabout,2)
(hereafter,1)
(housewife,1)
(hypocrisy,1)
(ignorance,3)
(immediate,1)
(impatient,1)
(imperfect,1)
(imperious,1)
(importing,1)
(importune,2)
(inclining,2)
(indignity,1)
(inference,1)
(infirmity,3)
(inhibited,1)
(injointed,1)
(invention,2)
(invisible,1)
(islanders,1)
(iteration,1)
(knowledge,1)
(labouring,1)
(magnifico,1)
(malicious,1)
(malignant,1)
(mammering,1)
(mediators,1)
(medicinal,1)
(medicines,1)
(messenger,1)
(mischance,1)
(miserable,1)
(monstrous,7)
(mountains,1)
(murderous,2)
(necessity,2)
(neglected,1)
(notorious,2)
(obedience,1)
(observing,1)
(occasions,1)
(offending,1)
(oppresses,1)
(otherwise,1)
(ourselves,6)
(overthrow,1)
(paradoxes,1)
(partially,1)
(perchance,1)
(perdition,2)
(persuaded,2)
(pestilent,1)
(physician,1)
(plainness,1)
(pleasance,1)
(pleasures,1)
(plenteous,1)
(poisonous,1)
(potential,1)
(practised,1)
(practiser,1)
(practises,1)
(presently,4)
(preserved,1)
(privately,1)
(probation,1)
(professed,1)
(prophetic,1)
(propriety,1)
(provender,1)
(provoking,1)
(purgatory,1)
(qualified,1)
(qualities,1)
(questions,1)
(reckoning,1)
(recoiling,1)
(recovered,1)
(reference,1)
(requested,1)
(restraint,2)
(reverence,2)
(sacrifice,1)
(satisfied,6)
(sentences,1)
(sequester,1)
(seriously,1)
(shadowing,1)
(shoulders,1)
(silliness,1)
(sincerity,1)
(slanderer,1)
(solicitor,1)
(something,6)
(sometimes,3)
(sovereign,1)
(statesmen,1)
(stillness,1)
(suppliest,1)
(surfeited,1)
(suspected,1)
(suspicion,3)
(therefore,16)
(thereunto,1)
(therewith,1)
(thicklips,1)
(thinkings,1)
(thousands,1)
(toughness,1)
(transform,1)
(treachery,1)
(treasures,1)
(tyrannous,1)
(unblessed,1)
(unbookish,1)
(uncapable,1)
(uncleanly,1)
(undertake,2)
(undertook,1)
(unfolding,1)
(unnatural,2)
(unprovide,1)
(unskilful,1)
(unsuiting,1)
(unvarnish,1)
(uttermost,1)
(vengeance,1)
(veritable,1)
(villanous,2)
(voluntary,1)
(wherefore,4)
(whereinto,1)
(wholesome,2)
(yesterday,2)
(Arraigning,1)
(Attendants,12)
(Concerning,2)
(Distinctly,1)
(Englishman,1)
(Florentine,2)
(Hellespont,1)
(Lieutenant,6)
(Mauritania,1)
(Neglecting,1)
(Preferment,1)
(Promethean,1)
(Reputation,2)
(Soliciting,1)
(Unkindness,1)
([Snatching,1)
(acceptance,1)
(accountant,1)
(accumulate,1)
(acquainted,1)
(advantages,1)
(advocation,1)
(affections,2)
(affliction,1)
(affrighted,1)
(alteration,1)
(altogether,1)
(answerable,1)
(appearance,2)
(bedchamber,1)
(beneficial,1)
(bitterness,1)
(boisterous,1)
(chamberers,1)
(changeable,1)
(chrysolite,1)
(commission,3)
(companions,1)
(compassing,2)
(complaints,1)
(complexion,2)
(compliment,1)
(compulsive,1)
(conception,2)
(conclusion,4)
(confidence,1)
(conscience,3)
(consecrate,1)
(contention,1)
(continuate,1)
(conveyance,1)
(corrigible,1)
(counsellor,1)
(countryman,1)
(denotement,1)
(designment,1)
(determined,1)
(difference,1)
(difficulty,1)
(disastrous,1)
(discipline,1)
(discretion,2)
(distinctly,1)
(distracted,1)
(estimation,1)
(exhibition,2)
(expectancy,1)
(expedition,1)
(experience,1)
(favourable,1)
(favourably,1)
(fellowship,1)
(friendship,1)
(government,2)
(grievously,1)
(guiltiness,2)
(heathenish,1)
(honourable,2)
(horrorable,1)
(housewives,2)
(impediment,1)
(importancy,1)
(importunes,1)
(imposition,1)
(impossible,3)
(imputation,1)
(indiscreet,1)
(indistinct,1)
(ingredient,1)
(innovation,1)
(inordinate,1)
(instructed,1)
(instrument,3)
(intendment,1)
(interprets,1)
(jealousies,1)
(languishes,1)
(lascivious,1)
(lieutenant,23)
(likelihood,1)
(loveliness,1)
(mandragora,1)
(messengers,3)
(monumental,1)
(negligence,2)
(nourishing,1)
(obsequious,1)
(observance,1)
(occupation,1)
(opposition,1)
(particular,1)
(perdurable,1)
(perfection,2)
(permission,1)
(pernicious,2)
(pestilence,1)
(petticoats,1)
(pilgrimage,1)
(possession,1)
(practising,1)
(preferring,1)
(proceeding,2)
(proclaimed,1)
(procreants,1)
(profitably,1)
(profitless,1)
(promulgate,1)
(prosperity,1)
(prosperous,1)
(punishment,1)
(recommends,1)
(redemption,1)
(reputation,8)
(requisites,1)
(resolution,1)
(sanctified,1)
(sanctimony,1)
(satisfying,1)
(savageness,1)
(scattering,1)
(sensuality,1)
(simpleness,1)
(startingly,1)
(substitute,1)
(sufferance,1)
(sufficient,2)
(supervisor,1)
(suppertime,1)
(suspicions,1)
(tenderness,1)
(themselves,4)
(unbonneted,1)
(understand,5)
(undertaker,1)
(unhandsome,1)
(unkindness,2)
(unlawfully,1)
(unprepared,1)
(villainous,1)
(virtuously,1)
(witchcraft,4)
(worthiness,1)
(Destruction,1)
(Shakespeare,1)
(Transported,1)
([Advancing],1)
([Returning],1)
(adversities,1)
(anticipates,1)
(battlements,1)
(castigation,1)
(celebration,1)
(circumcised,1)
(composition,1)
(conclusions,1)
(confessions,1)
(congregated,1)
(conjunctive,1)
(conjuration,1)
(consequence,1)
(conveniency,1)
(counterfeit,2)
(demonstrate,2)
(description,1)
(determinate,1)
(displanting,1)
(displeasure,4)
(disposition,3)
(distinguish,1)
(distressful,1)
(divorcement,1)
(drunkenness,1)
(earnestness,1)
(egregiously,1)
(exceedingly,1)
(expectation,1)
(expostulate,1)
(extravagant,1)
(fantastical,1)
(fortunately,1)
(gentlewoman,1)
(highwrought,1)
(housewifery,1)
(impediments,1)
(imperfectly,1)
(importunate,1)
(importunity,1)
(incontinent,1)
(incorporate,1)
(insinuating,1)
(instruction,1)
(instruments,4)
(intentively,1)
(intermingle,1)
(likelihoods,1)
(meditations,1)
(molestation,1)
(mountebanks,1)
(mutualities,1)
(necessaries,1)
(observances,1)
(offenceless,1)
(opportunity,1)
(preparation,2)
(protectress,1)
(provocation,1)
(remembrance,2)
(reprobation,1)
(restitution,1)
(segregation,1)
(soldiership,1)
(speculative,1)
(strangeness,1)
(sufficiency,1)
(suffocating,1)
(supersubtle,1)
(treacherous,1)
(unfortunate,2)
(unquietness,1)
(unshunnable,1)
(unwholesome,1)
(wheresoever,1)
(Handkerchief,1)
(Prerogatived,1)
(Unreconciled,1)
(acquaintance,2)
(circumstance,3)
(coloquintida,1)
(commencement,1)
(conscionable,1)
(contaminated,1)
(conveniences,1)
(conversation,1)
(counterfeits,1)
(demonstrable,1)
(discontented,1)
(distempering,1)
(expectations,1)
(exsufflicate,1)
(fruitfulness,1)
(handkerchief,29)
(heartstrings,1)
(lieutenantry,1)
(peradventure,1)
(performances,1)
(preposterous,1)
(prescription,1)
(proclamation,1)
(recognizance,1)
(satisfaction,5)
(solicitation,1)
(strawberries,1)
(stubbornness,1)
(unauthorized,1)
(Anthropophagi,1)
(accommodation,1)
(apprehensions,1)
(arithmetician,1)
(circumstanced,1)
(circumstances,1)
(confirmations,1)
(contemplation,1)
(dispraisingly,1)
(disproportion,2)
(entertainment,2)
(fortification,1)
(incontinently,1)
(insupportable,1)
(qualification,1)
(sequestration,1)
(unperfectness,1)
(preposterously,1)
(reconciliation,1)
(circumscription,1)
(notwithstanding,1)
(,0)
